Base path: C:/Program Files/Unity/Hub/Editor/2018.3.5f1/Editor/Data
Cmd: initializeCompiler
Cmd: initializeCompiler
Cmd: initializeCompiler
Cmd: initializeCompiler
Cmd: preprocess
  insize=1662 outsize=546 ok=1
Cmd: preprocess
  insize=1819 outsize=592 ok=1
Cmd: preprocess
  insize=2003 outsize=545 ok=1
Cmd: preprocess
  insize=2972 outsize=588 ok=1
Cmd: preprocess
  insize=2027 outsize=547 ok=1
Cmd: preprocess
  insize=2057 outsize=546 ok=1
Cmd: preprocess
  insize=1834 outsize=552 ok=1
Cmd: preprocess
  insize=2113 outsize=533 ok=1
Cmd: preprocess
  insize=1805 outsize=591 ok=1
Cmd: preprocess
  insize=3666 outsize=478 ok=1
Cmd: preprocess
  insize=1595 outsize=342 ok=1
Cmd: preprocess
  insize=1368 outsize=556 ok=1
Cmd: preprocess
  insize=2187 outsize=590 ok=1
Cmd: preprocess
  insize=2475 outsize=591 ok=1
Cmd: preprocess
  insize=2225 outsize=588 ok=1
Cmd: preprocess
  insize=1848 outsize=626 ok=1
Cmd: preprocess
  insize=1512 outsize=593 ok=1
Cmd: preprocess
  insize=2138 outsize=548 ok=1
Cmd: preprocess
  insize=2433 outsize=544 ok=1
Cmd: preprocess
  insize=2987 outsize=586 ok=1
Cmd: preprocess
  insize=4208 outsize=558 ok=1
Cmd: preprocess
  insize=2335 outsize=597 ok=1
Cmd: preprocess
  insize=2017 outsize=638 ok=1
Cmd: preprocess
  insize=1716 outsize=587 ok=1
Cmd: preprocess
  insize=2766 outsize=591 ok=1
Cmd: preprocess
  insize=2573 outsize=592 ok=1
Cmd: preprocess
  insize=1372 outsize=440 ok=1
Cmd: preprocess
  insize=2271 outsize=599 ok=1
Cmd: preprocess
  insize=3610 outsize=582 ok=1
Cmd: preprocess
  insize=3981 outsize=699 ok=1
Cmd: preprocess
  insize=1787 outsize=733 ok=1
Cmd: preprocess
  insize=1727 outsize=648 ok=1
Cmd: preprocess
  insize=1626 outsize=544 ok=1
Cmd: preprocess
  insize=2029 outsize=595 ok=1
Cmd: preprocess
  insize=3157 outsize=538 ok=1
Cmd: preprocess
  insize=1697 outsize=538 ok=1
Cmd: preprocess
  insize=1624 outsize=661 ok=1
Cmd: preprocess
  insize=1087 outsize=380 ok=1
Cmd: preprocess
  insize=2932 outsize=587 ok=1
Cmd: preprocess
  insize=1897 outsize=554 ok=1
Cmd: preprocess
  insize=2475 outsize=598 ok=1
Cmd: preprocess
  insize=1524 outsize=595 ok=1
Cmd: preprocess
  insize=1229 outsize=359 ok=1
Cmd: preprocess
  insize=4222 outsize=553 ok=1
Cmd: preprocess
  insize=1448 outsize=594 ok=1
Cmd: preprocess
  insize=2122 outsize=595 ok=1
Cmd: preprocess
  insize=2032 outsize=625 ok=1
Cmd: preprocess
  insize=2800 outsize=542 ok=1
Cmd: preprocess
  insize=2874 outsize=549 ok=1
Cmd: preprocess
  insize=1427 outsize=501 ok=1
Cmd: preprocess
  insize=1973 outsize=543 ok=1
Cmd: preprocess
  insize=4761 outsize=907 ok=1
Cmd: preprocess
  insize=1484 outsize=555 ok=1
Cmd: preprocess
  insize=1713 outsize=595 ok=1
Cmd: preprocess
  insize=2184 outsize=624 ok=1
Cmd: preprocess
  insize=1978 outsize=585 ok=1
Cmd: preprocess
  insize=1767 outsize=595 ok=1
Cmd: preprocess
  insize=1829 outsize=594 ok=1
Cmd: preprocess
  insize=2908 outsize=588 ok=1
Cmd: preprocess
  insize=1199 outsize=553 ok=1
Cmd: preprocess
  insize=1956 outsize=1038 ok=1
Cmd: preprocess
  insize=2954 outsize=692 ok=1
Cmd: preprocess
  insize=4471 outsize=1027 ok=1
Cmd: preprocess
  insize=2570 outsize=542 ok=1
Cmd: preprocess
  insize=1862 outsize=596 ok=1
Cmd: preprocess
  insize=1949 outsize=554 ok=1
Cmd: preprocess
  insize=3345 outsize=602 ok=1
Cmd: preprocess
  insize=1964 outsize=544 ok=1
Cmd: preprocess
  insize=2399 outsize=588 ok=1
Cmd: preprocess
  insize=2421 outsize=674 ok=1
Cmd: preprocess
  insize=2017 outsize=544 ok=1
Cmd: preprocess
  insize=2703 outsize=541 ok=1
Cmd: preprocess
  insize=3672 outsize=477 ok=1
Cmd: preprocess
  insize=1704 outsize=543 ok=1
Cmd: preprocess
  insize=1734 outsize=609 ok=1
Cmd: preprocess
  insize=2431 outsize=639 ok=1
Cmd: preprocess
  insize=1803 outsize=538 ok=1
Cmd: preprocess
  insize=2363 outsize=626 ok=1
Cmd: preprocess
  insize=1614 outsize=588 ok=1
Cmd: preprocess
  insize=1831 outsize=594 ok=1
Cmd: preprocess
  insize=1851 outsize=553 ok=1
Cmd: preprocess
  insize=2066 outsize=592 ok=1
Cmd: preprocess
  insize=2324 outsize=653 ok=1
Cmd: preprocess
  insize=1815 outsize=690 ok=1
Cmd: preprocess
  insize=2954 outsize=692 ok=1
Cmd: preprocess
  insize=1740 outsize=525 ok=1
Cmd: preprocess
  insize=2004 outsize=544 ok=1
Cmd: preprocess
  insize=1904 outsize=764 ok=1
Cmd: preprocess
  insize=1811 outsize=593 ok=1
Cmd: preprocess
  insize=3453 outsize=550 ok=1
Cmd: preprocess
  insize=2351 outsize=765 ok=1
Cmd: preprocess
  insize=2189 outsize=478 ok=1
Cmd: preprocess
  insize=2146 outsize=483 ok=1
Cmd: preprocess
  insize=3148 outsize=637 ok=1
Cmd: preprocess
  insize=1655 outsize=433 ok=1
Cmd: preprocess
  insize=2414 outsize=598 ok=1
Cmd: preprocess
  insize=1724 outsize=480 ok=1
Cmd: preprocess
  insize=2152 outsize=593 ok=1
Cmd: preprocess
  insize=2498 outsize=639 ok=1
Cmd: preprocess
  insize=850 outsize=381 ok=1
Cmd: preprocess
  insize=1698 outsize=541 ok=1
Cmd: preprocess
  insize=1963 outsize=544 ok=1
Cmd: preprocess
  insize=2346 outsize=762 ok=1
Cmd: preprocess
  insize=1622 outsize=590 ok=1
Cmd: preprocess
  insize=4072 outsize=820 ok=1
Cmd: preprocess
  insize=1507 outsize=424 ok=1
Cmd: preprocess
  insize=1707 outsize=593 ok=1
Cmd: preprocess
  insize=3498 outsize=860 ok=1
Cmd: preprocess
  insize=3129 outsize=547 ok=1
Cmd: preprocess
  insize=2204 outsize=539 ok=1
Cmd: preprocess
  insize=1749 outsize=551 ok=1
Cmd: preprocess
  insize=1929 outsize=594 ok=1
Cmd: preprocess
  insize=1992 outsize=535 ok=1
Cmd: preprocess
  insize=392 outsize=268 ok=1
Cmd: preprocess
  insize=2396 outsize=641 ok=1
Cmd: preprocess
  insize=1944 outsize=673 ok=1
Cmd: preprocess
  insize=2115 outsize=557 ok=1
Cmd: preprocess
  insize=2121 outsize=688 ok=1
Cmd: preprocess
  insize=2305 outsize=540 ok=1
Cmd: preprocess
  insize=2264 outsize=695 ok=1
Cmd: preprocess
  insize=2083 outsize=555 ok=1
Cmd: preprocess
  insize=1812 outsize=544 ok=1
Cmd: preprocess
  insize=2310 outsize=597 ok=1
Cmd: preprocess
  insize=4568 outsize=700 ok=1
Cmd: preprocess
  insize=2015 outsize=547 ok=1
Cmd: preprocess
  insize=1768 outsize=523 ok=1
Cmd: preprocess
  insize=3208 outsize=541 ok=1
Cmd: preprocess
  insize=1448 outsize=545 ok=1
Cmd: preprocess
  insize=2142 outsize=541 ok=1
Cmd: preprocess
  insize=1646 outsize=462 ok=1
Cmd: preprocess
  insize=1596 outsize=542 ok=1
Cmd: preprocess
  insize=2137 outsize=543 ok=1
Cmd: preprocess
  insize=1996 outsize=642 ok=1
Cmd: preprocess
  insize=1768 outsize=543 ok=1
Cmd: preprocess
  insize=3335 outsize=442 ok=1
Cmd: preprocess
  insize=2205 outsize=690 ok=1
Cmd: preprocess
  insize=1978 outsize=544 ok=1
Cmd: preprocess
  insize=2806 outsize=486 ok=1
Cmd: preprocess
  insize=1703 outsize=550 ok=1
Cmd: preprocess
  insize=1456 outsize=635 ok=1
Cmd: preprocess
  insize=1559 outsize=610 ok=1
Cmd: preprocess
  insize=1403 outsize=551 ok=1
Cmd: preprocess
  insize=1383 outsize=532 ok=1
Cmd: preprocess
  insize=1976 outsize=595 ok=1
Cmd: preprocess
  insize=2203 outsize=628 ok=1
Cmd: preprocess
  insize=3280 outsize=690 ok=1
Cmd: preprocess
  insize=2077 outsize=761 ok=1
Cmd: preprocess
  insize=1833 outsize=596 ok=1
Cmd: preprocess
  insize=2902 outsize=691 ok=1
Cmd: preprocess
  insize=2001 outsize=643 ok=1
Cmd: preprocess
  insize=739 outsize=381 ok=1
Cmd: preprocess
  insize=2089 outsize=546 ok=1
Cmd: preprocess
  insize=2173 outsize=544 ok=1
Cmd: preprocess
  insize=1553 outsize=533 ok=1
Cmd: preprocess
  insize=2085 outsize=774 ok=1
Cmd: preprocess
  insize=3013 outsize=775 ok=1
Cmd: preprocess
  insize=2446 outsize=546 ok=1
Cmd: preprocess
  insize=2837 outsize=551 ok=1
Cmd: preprocess
  insize=1510 outsize=548 ok=1
Cmd: preprocess
  insize=4066 outsize=822 ok=1
Cmd: preprocess
  insize=2194 outsize=549 ok=1
Cmd: preprocess
  insize=2034 outsize=548 ok=1
Cmd: preprocess
  insize=2552 outsize=481 ok=1
Cmd: preprocess
  insize=1869 outsize=557 ok=1
Cmd: preprocess
  insize=2573 outsize=483 ok=1
Cmd: preprocess
  insize=2144 outsize=592 ok=1
Cmd: preprocess
  insize=2030 outsize=592 ok=1
Cmd: preprocess
  insize=2164 outsize=639 ok=1
Cmd: preprocess
  insize=1682 outsize=562 ok=1
Cmd: preprocess
  insize=2744 outsize=544 ok=1
Cmd: preprocess
  insize=1819 outsize=591 ok=1
Cmd: preprocess
  insize=2408 outsize=695 ok=1
Cmd: preprocess
  insize=1252 outsize=551 ok=1
Cmd: preprocess
  insize=3086 outsize=552 ok=1
Cmd: preprocess
  insize=2081 outsize=548 ok=1
Cmd: preprocess
  insize=1811 outsize=592 ok=1
Cmd: preprocess
  insize=1990 outsize=544 ok=1
Cmd: preprocess
  insize=1643 outsize=546 ok=1
Cmd: preprocess
  insize=1494 outsize=537 ok=1
Cmd: preprocess
  insize=1998 outsize=634 ok=1
Cmd: preprocess
  insize=1865 outsize=579 ok=1
Cmd: preprocess
  insize=4158 outsize=825 ok=1
Cmd: preprocess
  insize=1813 outsize=592 ok=1
Cmd: preprocess
  insize=2201 outsize=543 ok=1
Cmd: preprocess
  insize=351 outsize=227 ok=1
Cmd: preprocess
  insize=2018 outsize=594 ok=1
Cmd: preprocess
  insize=2012 outsize=539 ok=1
Cmd: preprocess
  insize=2749 outsize=708 ok=1
Cmd: preprocess
  insize=2505 outsize=480 ok=1
Cmd: preprocess
  insize=1734 outsize=550 ok=1
Cmd: preprocess
  insize=2356 outsize=691 ok=1
Cmd: preprocess
  insize=2926 outsize=531 ok=1
Cmd: preprocess
  insize=3084 outsize=566 ok=1
Cmd: preprocess
  insize=3231 outsize=550 ok=1
Cmd: preprocess
  insize=1993 outsize=568 ok=1
Cmd: preprocess
  insize=2132 outsize=642 ok=1
Cmd: preprocess
  insize=2931 outsize=439 ok=1
Cmd: preprocess
  insize=4820 outsize=912 ok=1
Cmd: preprocess
  insize=1606 outsize=637 ok=1
Cmd: preprocess
  insize=1710 outsize=547 ok=1
Cmd: preprocess
  insize=3245 outsize=533 ok=1
Cmd: preprocess
  insize=2284 outsize=557 ok=1
Cmd: preprocess
  insize=2157 outsize=547 ok=1
Cmd: preprocess
  insize=1961 outsize=588 ok=1
Cmd: preprocess
  insize=1634 outsize=559 ok=1
Cmd: preprocess
  insize=3705 outsize=513 ok=1
Cmd: preprocess
  insize=1983 outsize=598 ok=1
Cmd: preprocess
  insize=1824 outsize=596 ok=1
Cmd: preprocess
  insize=2030 outsize=754 ok=1
Cmd: preprocess
  insize=1728 outsize=543 ok=1
Cmd: preprocess
  insize=2532 outsize=644 ok=1
Cmd: preprocess
  insize=1872 outsize=608 ok=1
Cmd: preprocess
  insize=3236 outsize=592 ok=1
Cmd: preprocess
  insize=1236 outsize=467 ok=1
Cmd: preprocess
  insize=1936 outsize=541 ok=1
Cmd: preprocess
  insize=3450 outsize=552 ok=1
Cmd: preprocess
  insize=2405 outsize=591 ok=1
Cmd: preprocess
  insize=1900 outsize=545 ok=1
Cmd: preprocess
  insize=2470 outsize=638 ok=1
Cmd: preprocess
  insize=2096 outsize=695 ok=1
Cmd: preprocess
  insize=3541 outsize=547 ok=1
Cmd: preprocess
  insize=2951 outsize=692 ok=1
Cmd: preprocess
  insize=1897 outsize=545 ok=1
Cmd: preprocess
  insize=1710 outsize=539 ok=1
Cmd: preprocess
  insize=2260 outsize=537 ok=1
Cmd: preprocess
  insize=1824 outsize=547 ok=1
Cmd: preprocess
  insize=2709 outsize=526 ok=1
Cmd: preprocess
  insize=1627 outsize=541 ok=1
Cmd: preprocess
  insize=3496 outsize=697 ok=1
Cmd: preprocess
  insize=2027 outsize=546 ok=1
Cmd: preprocess
  insize=1432 outsize=533 ok=1
Cmd: preprocess
  insize=2228 outsize=627 ok=1
Cmd: preprocess
  insize=2314 outsize=593 ok=1
Cmd: preprocess
  insize=1542 outsize=591 ok=1
Cmd: preprocess
  insize=2005 outsize=693 ok=1
Cmd: preprocess
  insize=2235 outsize=482 ok=1
Cmd: preprocess
  insize=2005 outsize=592 ok=1
Cmd: preprocess
  insize=2659 outsize=637 ok=1
Cmd: preprocess
  insize=1418 outsize=531 ok=1
Cmd: preprocess
  insize=1194 outsize=317 ok=1
Cmd: preprocess
  insize=1928 outsize=545 ok=1
Cmd: preprocess
  insize=1523 outsize=544 ok=1
Cmd: preprocess
  insize=1870 outsize=635 ok=1
Cmd: preprocess
  insize=1496 outsize=551 ok=1
Cmd: preprocess
  insize=3050 outsize=552 ok=1
Cmd: preprocess
  insize=2221 outsize=687 ok=1
Cmd: preprocess
  insize=2739 outsize=545 ok=1
Cmd: preprocess
  insize=2941 outsize=571 ok=1
Cmd: preprocess
  insize=1313 outsize=428 ok=1
Cmd: preprocess
  insize=2732 outsize=586 ok=1
Cmd: preprocess
  insize=3349 outsize=541 ok=1
Cmd: preprocess
  insize=2527 outsize=460 ok=1
Cmd: preprocess
  insize=6906 outsize=637 ok=1
Cmd: preprocess
  insize=1635 outsize=514 ok=1
Cmd: preprocess
  insize=2311 outsize=541 ok=1
Cmd: preprocess
  insize=1810 outsize=591 ok=1
Cmd: preprocess
  insize=2920 outsize=692 ok=1
Cmd: preprocess
  insize=1355 outsize=544 ok=1
Cmd: preprocess
  insize=1566 outsize=552 ok=1
Cmd: preprocess
  insize=1892 outsize=546 ok=1
Cmd: preprocess
  insize=2640 outsize=482 ok=1
Cmd: preprocess
  insize=2482 outsize=800 ok=1
Cmd: preprocess
  insize=2261 outsize=547 ok=1
Cmd: preprocess
  insize=1433 outsize=552 ok=1
Cmd: preprocess
  insize=3452 outsize=646 ok=1
Cmd: preprocess
  insize=2150 outsize=545 ok=1
Cmd: preprocess
  insize=2637 outsize=542 ok=1
Cmd: preprocess
  insize=2618 outsize=636 ok=1
Cmd: preprocess
  insize=2914 outsize=547 ok=1
Cmd: preprocess
  insize=1834 outsize=523 ok=1
Cmd: preprocess
  insize=2086 outsize=688 ok=1
Cmd: preprocess
  insize=2052 outsize=543 ok=1
Cmd: preprocess
  insize=1783 outsize=585 ok=1
Cmd: preprocess
  insize=3352 outsize=543 ok=1
Cmd: preprocess
  insize=2058 outsize=646 ok=1
Cmd: preprocess
  insize=1460 outsize=549 ok=1
Cmd: preprocess
  insize=6001 outsize=648 ok=1
Cmd: preprocess
  insize=760 outsize=275 ok=1
Cmd: preprocess
  insize=4084 outsize=993 ok=1
Cmd: preprocess
  insize=1833 outsize=553 ok=1
Cmd: preprocess
  insize=1647 outsize=540 ok=1
Cmd: preprocess
  insize=2409 outsize=590 ok=1
Cmd: preprocess
  insize=1918 outsize=481 ok=1
Cmd: preprocess
  insize=2337 outsize=477 ok=1
Cmd: preprocess
  insize=1812 outsize=593 ok=1
Cmd: preprocess
  insize=440 outsize=329 ok=1
Cmd: preprocess
  insize=2257 outsize=633 ok=1
Cmd: preprocess
  insize=5572 outsize=650 ok=1
Cmd: preprocess
  insize=1865 outsize=595 ok=1
Cmd: preprocess
  insize=2423 outsize=595 ok=1
Cmd: preprocess
  insize=1707 outsize=686 ok=1
Cmd: preprocess
  insize=1822 outsize=595 ok=1
Cmd: preprocess
  insize=2013 outsize=593 ok=1
Cmd: preprocess
  insize=2902 outsize=525 ok=1
Cmd: preprocess
  insize=2533 outsize=619 ok=1
Cmd: preprocess
  insize=1695 outsize=556 ok=1
Cmd: preprocess
  insize=2123 outsize=593 ok=1
Cmd: preprocess
  insize=2057 outsize=553 ok=1
Cmd: preprocess
  insize=880 outsize=1145 ok=1
Cmd: preprocess
  insize=1639 outsize=598 ok=1
Cmd: preprocess
  insize=2058 outsize=757 ok=1
Cmd: preprocess
  insize=1801 outsize=550 ok=1
Cmd: preprocess
  insize=1500 outsize=524 ok=1
Cmd: preprocess
  insize=2784 outsize=640 ok=1
Cmd: preprocess
  insize=1827 outsize=595 ok=1
Cmd: preprocess
  insize=2677 outsize=483 ok=1
Cmd: preprocess
  insize=1829 outsize=595 ok=1
Cmd: preprocess
  insize=1568 outsize=554 ok=1
Cmd: preprocess
  insize=1558 outsize=550 ok=1
Cmd: preprocess
  insize=1627 outsize=541 ok=1
Cmd: preprocess
  insize=2184 outsize=595 ok=1
Cmd: preprocess
  insize=1687 outsize=539 ok=1
Cmd: compileSnippet
  api=4 type=0 insize=1278 outsize=1534 kw=UNITY_PASS_SHADOWCASTER SHADOWS_DEPTH _ALPHABLEND_ON pd=UNITY_ENABLE_REFLECTION_BUFFERS UNITY_USE_DITHER_MASK_FOR_ALPHABLENDED_SHADOWS UNITY_PBS_USE_BRDF1 UNITY_SPECCUBE_BOX_PROJECTION UNITY_SPECCUBE_BLENDING UNITY_ENABLE_DETAIL_NORMALMAP SHADER_API_DESKTOP UNITY_COLORSPACE_GAMMA UNITY_LIGHT_PROBE_PROXY_VOLUME UNITY_LIGHTMAP_FULL_HDR ok=1
Cmd: compileSnippet
  api=4 type=1 insize=1278 outsize=602 kw=UNITY_PASS_SHADOWCASTER SHADOWS_DEPTH _ALPHABLEND_ON pd=UNITY_ENABLE_REFLECTION_BUFFERS UNITY_USE_DITHER_MASK_FOR_ALPHABLENDED_SHADOWS UNITY_PBS_USE_BRDF1 UNITY_SPECCUBE_BOX_PROJECTION UNITY_SPECCUBE_BLENDING UNITY_ENABLE_DETAIL_NORMALMAP SHADER_API_DESKTOP UNITY_COLORSPACE_GAMMA UNITY_LIGHT_PROBE_PROXY_VOLUME UNITY_LIGHTMAP_FULL_HDR ok=1
Cmd: compileSnippet
  api=4 type=0 insize=1564 outsize=1894 kw=UNITY_PASS_FORWARDBASE DIRECTIONAL LIGHTPROBE_SH _ALPHABLEND_ON pd=UNITY_ENABLE_REFLECTION_BUFFERS UNITY_USE_DITHER_MASK_FOR_ALPHABLENDED_SHADOWS UNITY_PBS_USE_BRDF1 UNITY_SPECCUBE_BOX_PROJECTION UNITY_SPECCUBE_BLENDING UNITY_ENABLE_DETAIL_NORMALMAP SHADER_API_DESKTOP UNITY_COLORSPACE_GAMMA UNITY_LIGHT_PROBE_PROXY_VOLUME UNITY_LIGHTMAP_FULL_HDR ok=1
Cmd: compileSnippet
  api=4 type=1 insize=1564 outsize=6826 kw=UNITY_PASS_FORWARDBASE DIRECTIONAL LIGHTPROBE_SH _ALPHABLEND_ON pd=UNITY_ENABLE_REFLECTION_BUFFERS UNITY_USE_DITHER_MASK_FOR_ALPHABLENDED_SHADOWS UNITY_PBS_USE_BRDF1 UNITY_SPECCUBE_BOX_PROJECTION UNITY_SPECCUBE_BLENDING UNITY_ENABLE_DETAIL_NORMALMAP SHADER_API_DESKTOP UNITY_COLORSPACE_GAMMA UNITY_LIGHT_PROBE_PROXY_VOLUME UNITY_LIGHTMAP_FULL_HDR ok=1
Cmd: compileSnippet
  api=4 type=0 insize=1426 outsize=1690 kw=UNITY_PASS_FORWARDADD DIRECTIONAL _ALPHABLEND_ON pd=UNITY_ENABLE_REFLECTION_BUFFERS UNITY_USE_DITHER_MASK_FOR_ALPHABLENDED_SHADOWS UNITY_PBS_USE_BRDF1 UNITY_SPECCUBE_BOX_PROJECTION UNITY_SPECCUBE_BLENDING UNITY_ENABLE_DETAIL_NORMALMAP SHADER_API_DESKTOP UNITY_COLORSPACE_GAMMA UNITY_LIGHT_PROBE_PROXY_VOLUME UNITY_LIGHTMAP_FULL_HDR ok=1
Cmd: compileSnippet
  api=4 type=1 insize=1426 outsize=3390 kw=UNITY_PASS_FORWARDADD DIRECTIONAL _ALPHABLEND_ON pd=UNITY_ENABLE_REFLECTION_BUFFERS UNITY_USE_DITHER_MASK_FOR_ALPHABLENDED_SHADOWS UNITY_PBS_USE_BRDF1 UNITY_SPECCUBE_BOX_PROJECTION UNITY_SPECCUBE_BLENDING UNITY_ENABLE_DETAIL_NORMALMAP SHADER_API_DESKTOP UNITY_COLORSPACE_GAMMA UNITY_LIGHT_PROBE_PROXY_VOLUME UNITY_LIGHTMAP_FULL_HDR ok=1
Cmd: initializeCompiler
Cmd: initializeCompiler
Cmd: initializeCompiler
